<?xml version="1.0" encoding="UTF-8"?>
<!-- Generated by org.testng.reporters.JUnitReportReporter -->
<testsuite hostname="LAPTOP-DQ369GKF" failures="0" tests="2" name="com.vs.MyFirstTest" time="0.015" errors="0" timestamp="2022-01-17T10:21:26 IST" skipped="0">
  <testcase classname="com.vs.MyFirstTest" name="test1" time="0.015"/>
  <system-out/>
  <testcase classname="com.vs.MyFirstTest" name="test2" time="0.000"/>
  <system-out/>
</testsuite> <!-- com.vs.MyFirstTest -->
