<?xml version="1.0" encoding="UTF-8"?>
<!-- Generated by org.testng.reporters.JUnitReportReporter -->
<testsuite skipped="0" hostname="LAPTOP-DQ369GKF" name="com.vs.MyFirstTest" tests="2" failures="0" timestamp="2022-01-17T17:46:53 IST" time="0.003" errors="0">
  <testcase name="test2" time="0.000" classname="com.vs.MyFirstTest"/>
  <system-out/>
  <testcase name="test1" time="0.003" classname="com.vs.MyFirstTest"/>
  <system-out/>
</testsuite> <!-- com.vs.MyFirstTest -->
