<?xml version="1.0" encoding="UTF-8"?>
<!-- Generated by org.testng.reporters.JUnitReportReporter -->
<testsuite hostname="LAPTOP-DQ369GKF" failures="0" tests="2" name="com.vs.MySecondTest" time="0.001" errors="0" timestamp="2022-01-16T22:29:03 IST" skipped="0">
  <testcase classname="com.vs.MySecondTest" name="secondTest2" time="0.000"/>
  <system-out/>
  <testcase classname="com.vs.MySecondTest" name="secondTest1" time="0.001"/>
  <system-out/>
</testsuite> <!-- com.vs.MySecondTest -->
